<?xml version="1.0" encoding="UTF-8"?>
<!-- Generated by org.testng.reporters.JUnitXMLReporter -->
<testsuite hostname="EPPLKRAW0119" name="First Test" tests="5" failures="2" timestamp="3 Feb 2016 12:37:25 GMT" time="53.855" errors="0">
  <testcase name="movingTheFormsSliders" time="0.091" classname="test.java.BuscadorBlockTests">
    <failure type="org.openqa.selenium.NoSuchElementException" message="Cannot locate option with value: pollas
For documentation on this error, please visit: http://seleniumhq.org/exceptions/no_such_element.html
Build info: version: &amp;apos;2.49.0&amp;apos;, revision: &amp;apos;365eeb44deba2067b1761c8862ef21d55250e063&amp;apos;, time: &amp;apos;2016-01-13 11:57:39&amp;apos;
System info: host: &amp;apos;EPPLKRAW0119&amp;apos;, ip: &amp;apos;192.168.0.17&amp;apos;, os.name: &amp;apos;Windows 7&amp;apos;, os.arch: &amp;apos;amd64&amp;apos;, os.version: &amp;apos;6.1&amp;apos;, java.version: &amp;apos;1.8.0_20&amp;apos;
Driver info: driver.version: unknown">
      <![CDATA[org.openqa.selenium.NoSuchElementException: Cannot locate option with value: pollas
For documentation on this error, please visit: http://seleniumhq.org/exceptions/no_such_element.html
Build info: version: '2.49.0', revision: '365eeb44deba2067b1761c8862ef21d55250e063', time: '2016-01-13 11:57:39'
System info: host: 'EPPLKRAW0119', ip: '192.168.0.17', os.name: 'Windows 7', os.arch: 'amd64', os.version: '6.1', java.version: '1.8.0_20'
Driver info: driver.version: unknown
	at org.openqa.selenium.support.ui.Select.selectByValue(Select.java:214)
	at main.java.pageObjects.BuscadorBlock.selectFromSelectsBlock(BuscadorBlock.java:177)
	at main.java.pageObjects.BuscadorBlock.queryIntheSearchBlock(BuscadorBlock.java:181)
	at test.java.BuscadorBlockTests.movingTheFormsSliders(BuscadorBlockTests.java:38)
... Removed 27 stack frames]]>
    </failure>
  </testcase> <!-- movingTheFormsSliders -->
  <testcase name="movingTheFormsSliders" time="12.188" classname="test.java.BuscadorBlockTests"/>
  <testcase name="movingTheFormsSliders" time="10.652" classname="test.java.BuscadorBlockTests"/>
  <testcase name="movingTheFormsSliders" time="7.694" classname="test.java.BuscadorBlockTests">
    <failure type="java.lang.NumberFormatException" message="For input string: &amp;quot;1000+&amp;quot;">
      <![CDATA[java.lang.NumberFormatException: For input string: "1000+"
	at java.lang.NumberFormatException.forInputString(NumberFormatException.java:65)
	at java.lang.Integer.parseInt(Integer.java:580)
	at java.lang.Integer.valueOf(Integer.java:766)
	at main.java.pageObjects.BuscadorBlock.findCorrectValueWhenSlideIsHidden(BuscadorBlock.java:130)
	at main.java.pageObjects.BuscadorBlock.moveTheSlider(BuscadorBlock.java:143)
	at main.java.pageObjects.BuscadorBlock.setTheSurfaceRange(BuscadorBlock.java:119)
	at main.java.pageObjects.BuscadorBlock.queryIntheSearchBlock(BuscadorBlock.java:186)
	at test.java.BuscadorBlockTests.movingTheFormsSliders(BuscadorBlockTests.java:38)
... Removed 27 stack frames]]>
    </failure>
  </testcase> <!-- movingTheFormsSliders -->
  <testcase name="movingTheFormsSliders" time="12.192" classname="test.java.BuscadorBlockTests"/>
</testsuite> <!-- First Test -->
