<?xml version="1.0" encoding="UTF-8"?>
<testsuite xmlns:xsi="http://www.w3.org/2001/XMLSchema-instance" xsi:schemaLocation="https://maven.apache.org/surefire/maven-surefire-plugin/xsd/surefire-test-report.xsd" name="TestSuite" time="73.496" tests="6" errors="0" skipped="0" failures="2">
  <properties>
[...]
</properties>
  <testcase name="testTheTest" classname="test.java.TestingTests" time="5.089"/>
  <testcase name="movingTheFormsSliders" classname="test.java.BuscadorBlockTests" time="0.136">
    <failure message="Cannot locate option with value: pollas&#10;For documentation on this error, please visit: http://seleniumhq.org/exceptions/no_such_element.html&#10;Build info: version: &apos;2.49.0&apos;, revision: &apos;365eeb44deba2067b1761c8862ef21d55250e063&apos;, time: &apos;2016-01-13 11:57:39&apos;&#10;System info: host: &apos;EPPLKRAW0119&apos;, ip: &apos;192.168.0.17&apos;, os.name: &apos;Windows 7&apos;, os.arch: &apos;amd64&apos;, os.version: &apos;6.1&apos;, java.version: &apos;1.8.0_20&apos;&#10;Driver info: driver.version: unknown" type="org.openqa.selenium.NoSuchElementException">org.openqa.selenium.NoSuchElementException: 
Cannot locate option with value: pollas
For documentation on this error, please visit: http://seleniumhq.org/exceptions/no_such_element.html
Build info: version: '2.49.0', revision: '365eeb44deba2067b1761c8862ef21d55250e063', time: '2016-01-13 11:57:39'
System info: host: 'EPPLKRAW0119', ip: '192.168.0.17', os.name: 'Windows 7', os.arch: 'amd64', os.version: '6.1', java.version: '1.8.0_20'
Driver info: driver.version: unknown
	at test.java.BuscadorBlockTests.movingTheFormsSliders(BuscadorBlockTests.java:38)
</failure>
    <system-out><![CDATA[Navigating to the main page
Current page is: http://www.duplexinmobiliaria.es/
Refreshing current page
Accepting cookies
]]></system-out>
  </testcase>
  <testcase name="movingTheFormsSliders" classname="test.java.BuscadorBlockTests" time="12.189"/>
  <testcase name="movingTheFormsSliders" classname="test.java.BuscadorBlockTests" time="10.656"/>
  <testcase name="movingTheFormsSliders" classname="test.java.BuscadorBlockTests" time="7.693">
    <failure message="For input string: &quot;1000+&quot;" type="java.lang.NumberFormatException">java.lang.NumberFormatException: For input string: "1000+"
	at test.java.BuscadorBlockTests.movingTheFormsSliders(BuscadorBlockTests.java:38)
</failure>
    <system-out><![CDATA[Cleaning cookies
Re-Navigating to the main page
Accepting cookies
]]></system-out>
  </testcase>
  <testcase name="movingTheFormsSliders" classname="test.java.BuscadorBlockTests" time="12.192"/>
</testsuite>